[INFO] Scanning for projects...
[INFO] 
[INFO] ------------------< com.hoangtien2k3:rating-service >-------------------
[INFO] Building rating-service 0.0.1-SNAPSHOT
[INFO]   from pom.xml
[INFO] --------------------------------[ jar ]---------------------------------
[INFO] 
[INFO] --- clean:3.3.2:clean (default-clean) @ rating-service ---
[INFO] Deleting C:\Workspace\E-commerce-microservices-kubernetes-main\rating-service\target
[INFO] 
[INFO] --- jacoco:0.8.11:prepare-agent (default-prepare-agent) @ rating-service ---
[INFO] argLine set to -javaagent:C:\\Users\\harsh\\.m2\\repository\\org\\jacoco\\org.jacoco.agent\\0.8.11\\org.jacoco.agent-0.8.11-runtime.jar=destfile=C:\\Workspace\\E-commerce-microservices-kubernetes-main\\rating-service\\target\\jacoco.exec,excludes=com/hoangtien2k3/**/*Application.class
[INFO] 
[INFO] --- resources:3.3.1:resources (default-resources) @ rating-service ---
[INFO] Copying 1 resource from src\main\resources to target\classes
[INFO] Copying 6 resources from src\main\resources to target\classes
[INFO] 
[INFO] --- compiler:3.11.0:compile (default-compile) @ rating-service ---
[INFO] Changes detected - recompiling the module! :source
[INFO] Compiling 31 source files with javac [debug release 17] to target\classes
[INFO] -------------------------------------------------------------
[ERROR] COMPILATION ERROR : 
[INFO] -------------------------------------------------------------
[ERROR] /C:/Workspace/E-commerce-microservices-kubernetes-main/rating-service/src/main/java/com/hoangtien2k3/rating/config/ServiceUrlConfig.java:[8,2] cannot find symbol
  symbol: class ConfigurationProperties
[INFO] 1 error
[INFO] -------------------------------------------------------------
[INFO] ------------------------------------------------------------------------
[INFO] BUILD FAILURE
[INFO] ------------------------------------------------------------------------
[INFO] Total time:  6.731 s
[INFO] Finished at: 2026-01-01T16:44:41+05:30
[INFO] ------------------------------------------------------------------------
[ERROR] Failed to execute goal org.apache.maven.plugins:maven-compiler-plugin:3.11.0:compile (default-compile) on project rating-service: Compilation failure
[ERROR] /C:/Workspace/E-commerce-microservices-kubernetes-main/rating-service/src/main/java/com/hoangtien2k3/rating/config/ServiceUrlConfig.java:[8,2] cannot find symbol
[ERROR]   symbol: class ConfigurationProperties
[ERROR] 
[ERROR] -> [Help 1]
[ERROR] 
[ERROR] To see the full stack trace of the errors, re-run Maven with the -e switch.
[ERROR] Re-run Maven using the -X switch to enable full debug logging.
[ERROR] 
[ERROR] For more information about the errors and possible solutions, please read the following articles:
[ERROR] [Help 1] http://cwiki.apache.org/confluence/display/MAVEN/MojoFailureException
